============================================================
POWER GRID RL TRAINING ON TPU
============================================================
JAX version: 0.6.2
Traceback (most recent call last):
  File "/home/tarive/.local/lib/python3.10/site-packages/jax/_src/xla_bridge.py", line 742, in backends
    backend = _init_backend(platform)
  File "/home/tarive/.local/lib/python3.10/site-packages/jax/_src/xla_bridge.py", line 828, in _init_backend
    backend = registration.factory()
  File "/home/tarive/.local/lib/python3.10/site-packages/jax/_src/xla_bridge.py", line 161, in tpu_client_timer_callback
    client = make_tpu_client(
  File "/home/tarive/.local/lib/python3.10/site-packages/jax/_src/xla_bridge.py", line 142, in make_tpu_client
    _jax.initialize_pjrt_plugin('tpu')
jaxlib._jax.XlaRuntimeError: ABORTED: The TPU is already in use by process with pid 149065. Not attempting to load libtpu.so in this process.

During handling of the above exception, another exception occurred:

Traceback (most recent call last):
  File "/home/tarive/persistent_storage/tpu_rl_workspace/grid_rl/train_grid_rl_tpu.py", line 633, in <module>
    train_grid_rl()
  File "/home/tarive/persistent_storage/tpu_rl_workspace/grid_rl/train_grid_rl_tpu.py", line 533, in train_grid_rl
    print(f"Devices: {jax.device_count()} x {jax.devices()[0].device_kind}", flush=True)
  File "/home/tarive/.local/lib/python3.10/site-packages/jax/_src/xla_bridge.py", line 907, in device_count
    return int(get_backend(backend).device_count())
  File "/home/tarive/.local/lib/python3.10/site-packages/jax/_src/xla_bridge.py", line 876, in get_backend
    return _get_backend_uncached(platform)
  File "/home/tarive/.local/lib/python3.10/site-packages/jax/_src/xla_bridge.py", line 855, in _get_backend_uncached
    bs = backends()
  File "/home/tarive/.local/lib/python3.10/site-packages/jax/_src/xla_bridge.py", line 758, in backends
    raise RuntimeError(err_msg)
RuntimeError: Unable to initialize backend 'tpu': ABORTED: The TPU is already in use by process with pid 149065. Not attempting to load libtpu.so in this process. (set JAX_PLATFORMS='' to automatically choose an available backend)
